[0.191s] DEBUG:colcon:Command line arguments: ['/usr/bin/colcon', 'build', '--symlink-install']
[0.191s] DEBUG:colcon:Parsed command line arguments: Namespace(log_base=None, log_level=None, verb_name='build', build_base='build', install_base='install', merge_install=False, symlink_install=True, test_result_base=None, continue_on_error=False, executor='parallel', parallel_workers=8, event_handlers=None, ignore_user_meta=False, metas=['./colcon.meta'], base_paths=['.'], packages_ignore=None, packages_ignore_regex=None, paths=None, packages_up_to=None, packages_up_to_regex=None, packages_above=None, packages_above_and_dependencies=None, packages_above_depth=None, packages_select_by_dep=None, packages_skip_by_dep=None, packages_skip_up_to=None, packages_select_build_failed=False, packages_skip_build_finished=False, packages_select_test_failures=False, packages_skip_test_passed=False, packages_select=None, packages_skip=None, packages_select_regex=None, packages_skip_regex=None, packages_start=None, packages_end=None, allow_overriding=[], cmake_args=None, cmake_target=None, cmake_target_skip_unavailable=False, cmake_clean_cache=False, cmake_clean_first=False, cmake_force_configure=False, ament_cmake_args=None, catkin_cmake_args=None, catkin_skip_building_tests=False, verb_parser=<colcon_defaults.argument_parser.defaults.DefaultArgumentsDecorator object at 0x7f2025467130>, verb_extension=<colcon_core.verb.build.BuildVerb object at 0x7f2025c9bd90>, main=<bound method BuildVerb.main of <colcon_core.verb.build.BuildVerb object at 0x7f2025c9bd90>>)
[0.211s] Level 1:colcon.colcon_core.package_discovery:discover_packages(colcon_meta) check parameters
[0.211s] Level 1:colcon.colcon_core.package_discovery:discover_packages(recursive) check parameters
[0.211s] Level 1:colcon.colcon_core.package_discovery:discover_packages(ignore) check parameters
[0.211s] Level 1:colcon.colcon_core.package_discovery:discover_packages(path) check parameters
[0.211s] Level 1:colcon.colcon_core.package_discovery:discover_packages(colcon_meta) discover
[0.211s] Level 1:colcon.colcon_core.package_discovery:discover_packages(recursive) discover
[0.211s] INFO:colcon.colcon_core.package_discovery:Crawling recursively for packages in '/home/nir/code/ARL---6DOF-Manipulator/Code'
[0.211s] Level 1:colcon.colcon_core.package_identification:_identify(.) by extensions ['ignore', 'ignore_ament_install']
[0.211s] Level 1:colcon.colcon_core.package_identification:_identify(.) by extension 'ignore'
[0.211s] Level 1:colcon.colcon_core.package_identification:_identify(.) by extension 'ignore_ament_install'
[0.211s] Level 1:colcon.colcon_core.package_identification:_identify(.) by extensions ['colcon_pkg']
[0.211s] Level 1:colcon.colcon_core.package_identification:_identify(.) by extension 'colcon_pkg'
[0.211s] Level 1:colcon.colcon_core.package_identification:_identify(.) by extensions ['colcon_meta']
[0.211s] Level 1:colcon.colcon_core.package_identification:_identify(.) by extension 'colcon_meta'
[0.211s] Level 1:colcon.colcon_core.package_identification:_identify(.) by extensions ['ros']
[0.211s] Level 1:colcon.colcon_core.package_identification:_identify(.) by extension 'ros'
[0.219s] Level 1:colcon.colcon_core.package_identification:_identify(.) by extensions ['cmake', 'python']
[0.219s] Level 1:colcon.colcon_core.package_identification:_identify(.) by extension 'cmake'
[0.219s] Level 1:colcon.colcon_core.package_identification:_identify(.) by extension 'python'
[0.219s] Level 1:colcon.colcon_core.package_identification:_identify(.) by extensions ['python_setup_py']
[0.219s] Level 1:colcon.colcon_core.package_identification:_identify(.) by extension 'python_setup_py'
[0.219s] Level 1:colcon.colcon_core.package_identification:_identify(arm) by extensions ['ignore', 'ignore_ament_install']
[0.219s] Level 1:colcon.colcon_core.package_identification:_identify(arm) by extension 'ignore'
[0.219s] Level 1:colcon.colcon_core.package_identification:_identify(arm) by extension 'ignore_ament_install'
[0.219s] Level 1:colcon.colcon_core.package_identification:_identify(arm) by extensions ['colcon_pkg']
[0.219s] Level 1:colcon.colcon_core.package_identification:_identify(arm) by extension 'colcon_pkg'
[0.219s] Level 1:colcon.colcon_core.package_identification:_identify(arm) by extensions ['colcon_meta']
[0.219s] Level 1:colcon.colcon_core.package_identification:_identify(arm) by extension 'colcon_meta'
[0.219s] Level 1:colcon.colcon_core.package_identification:_identify(arm) by extensions ['ros']
[0.219s] Level 1:colcon.colcon_core.package_identification:_identify(arm) by extension 'ros'
[0.221s] DEBUG:colcon.colcon_core.package_identification:Package 'arm' with type 'ros.ament_cmake' and name 'arm'
[0.221s] Level 1:colcon.colcon_core.package_identification:_identify(build) by extensions ['ignore', 'ignore_ament_install']
[0.221s] Level 1:colcon.colcon_core.package_identification:_identify(build) by extension 'ignore'
[0.221s] Level 1:colcon.colcon_core.package_identification:_identify(build) ignored
[0.221s] Level 1:colcon.colcon_core.package_identification:_identify(dynamixel_sdk) by extensions ['ignore', 'ignore_ament_install']
[0.221s] Level 1:colcon.colcon_core.package_identification:_identify(dynamixel_sdk) by extension 'ignore'
[0.221s] Level 1:colcon.colcon_core.package_identification:_identify(dynamixel_sdk) by extension 'ignore_ament_install'
[0.221s] Level 1:colcon.colcon_core.package_identification:_identify(dynamixel_sdk) by extensions ['colcon_pkg']
[0.221s] Level 1:colcon.colcon_core.package_identification:_identify(dynamixel_sdk) by extension 'colcon_pkg'
[0.221s] Level 1:colcon.colcon_core.package_identification:_identify(dynamixel_sdk) by extensions ['colcon_meta']
[0.221s] Level 1:colcon.colcon_core.package_identification:_identify(dynamixel_sdk) by extension 'colcon_meta'
[0.221s] Level 1:colcon.colcon_core.package_identification:_identify(dynamixel_sdk) by extensions ['ros']
[0.221s] Level 1:colcon.colcon_core.package_identification:_identify(dynamixel_sdk) by extension 'ros'
[0.221s] Level 1:colcon.colcon_core.package_identification:_identify(dynamixel_sdk) by extensions ['cmake', 'python']
[0.221s] Level 1:colcon.colcon_core.package_identification:_identify(dynamixel_sdk) by extension 'cmake'
[0.221s] Level 1:colcon.colcon_core.package_identification:_identify(dynamixel_sdk) by extension 'python'
[0.221s] Level 1:colcon.colcon_core.package_identification:_identify(dynamixel_sdk) by extensions ['python_setup_py']
[0.221s] Level 1:colcon.colcon_core.package_identification:_identify(dynamixel_sdk) by extension 'python_setup_py'
[0.221s] Level 1:colcon.colcon_core.package_identification:_identify(dynamixel_sdk/__pycache__) by extensions ['ignore', 'ignore_ament_install']
[0.222s] Level 1:colcon.colcon_core.package_identification:_identify(dynamixel_sdk/__pycache__) by extension 'ignore'
[0.222s] Level 1:colcon.colcon_core.package_identification:_identify(dynamixel_sdk/__pycache__) by extension 'ignore_ament_install'
[0.222s] Level 1:colcon.colcon_core.package_identification:_identify(dynamixel_sdk/__pycache__) by extensions ['colcon_pkg']
[0.222s] Level 1:colcon.colcon_core.package_identification:_identify(dynamixel_sdk/__pycache__) by extension 'colcon_pkg'
[0.222s] Level 1:colcon.colcon_core.package_identification:_identify(dynamixel_sdk/__pycache__) by extensions ['colcon_meta']
[0.222s] Level 1:colcon.colcon_core.package_identification:_identify(dynamixel_sdk/__pycache__) by extension 'colcon_meta'
[0.222s] Level 1:colcon.colcon_core.package_identification:_identify(dynamixel_sdk/__pycache__) by extensions ['ros']
[0.222s] Level 1:colcon.colcon_core.package_identification:_identify(dynamixel_sdk/__pycache__) by extension 'ros'
[0.222s] Level 1:colcon.colcon_core.package_identification:_identify(dynamixel_sdk/__pycache__) by extensions ['cmake', 'python']
[0.222s] Level 1:colcon.colcon_core.package_identification:_identify(dynamixel_sdk/__pycache__) by extension 'cmake'
[0.222s] Level 1:colcon.colcon_core.package_identification:_identify(dynamixel_sdk/__pycache__) by extension 'python'
[0.222s] Level 1:colcon.colcon_core.package_identification:_identify(dynamixel_sdk/__pycache__) by extensions ['python_setup_py']
[0.222s] Level 1:colcon.colcon_core.package_identification:_identify(dynamixel_sdk/__pycache__) by extension 'python_setup_py'
[0.222s] Level 1:colcon.colcon_core.package_identification:_identify(install) by extensions ['ignore', 'ignore_ament_install']
[0.222s] Level 1:colcon.colcon_core.package_identification:_identify(install) by extension 'ignore'
[0.222s] Level 1:colcon.colcon_core.package_identification:_identify(install) ignored
[0.222s] Level 1:colcon.colcon_core.package_identification:_identify(log) by extensions ['ignore', 'ignore_ament_install']
[0.222s] Level 1:colcon.colcon_core.package_identification:_identify(log) by extension 'ignore'
[0.222s] Level 1:colcon.colcon_core.package_identification:_identify(log) ignored
[0.222s] Level 1:colcon.colcon_core.package_identification:_identify(src) by extensions ['ignore', 'ignore_ament_install']
[0.222s] Level 1:colcon.colcon_core.package_identification:_identify(src) by extension 'ignore'
[0.222s] Level 1:colcon.colcon_core.package_identification:_identify(src) by extension 'ignore_ament_install'
[0.222s] Level 1:colcon.colcon_core.package_identification:_identify(src) by extensions ['colcon_pkg']
[0.222s] Level 1:colcon.colcon_core.package_identification:_identify(src) by extension 'colcon_pkg'
[0.222s] Level 1:colcon.colcon_core.package_identification:_identify(src) by extensions ['colcon_meta']
[0.222s] Level 1:colcon.colcon_core.package_identification:_identify(src) by extension 'colcon_meta'
[0.222s] Level 1:colcon.colcon_core.package_identification:_identify(src) by extensions ['ros']
[0.222s] Level 1:colcon.colcon_core.package_identification:_identify(src) by extension 'ros'
[0.222s] Level 1:colcon.colcon_core.package_identification:_identify(src) by extensions ['cmake', 'python']
[0.222s] Level 1:colcon.colcon_core.package_identification:_identify(src) by extension 'cmake'
[0.222s] Level 1:colcon.colcon_core.package_identification:_identify(src) by extension 'python'
[0.222s] Level 1:colcon.colcon_core.package_identification:_identify(src) by extensions ['python_setup_py']
[0.222s] Level 1:colcon.colcon_core.package_identification:_identify(src) by extension 'python_setup_py'
[0.222s] Level 1:colcon.colcon_core.package_discovery:discover_packages(recursive) using defaults
[0.222s] Level 1:colcon.colcon_core.package_discovery:discover_packages(ignore) discover
[0.222s] Level 1:colcon.colcon_core.package_discovery:discover_packages(ignore) using defaults
[0.223s] Level 1:colcon.colcon_core.package_discovery:discover_packages(path) discover
[0.223s] Level 1:colcon.colcon_core.package_discovery:discover_packages(path) using defaults
[0.237s] Level 1:colcon.colcon_core.package_discovery:discover_packages(prefix_path) check parameters
[0.237s] Level 1:colcon.colcon_core.package_discovery:discover_packages(prefix_path) discover
[0.239s] DEBUG:colcon.colcon_installed_package_information.package_discovery:Found 270 installed packages in /opt/ros/humble
[0.240s] Level 1:colcon.colcon_core.package_discovery:discover_packages(prefix_path) using defaults
[0.275s] Level 5:colcon.colcon_core.verb:set package 'arm' build argument 'cmake_args' from command line to 'None'
[0.275s] Level 5:colcon.colcon_core.verb:set package 'arm' build argument 'cmake_target' from command line to 'None'
[0.275s] Level 5:colcon.colcon_core.verb:set package 'arm' build argument 'cmake_target_skip_unavailable' from command line to 'False'
[0.275s] Level 5:colcon.colcon_core.verb:set package 'arm' build argument 'cmake_clean_cache' from command line to 'False'
[0.275s] Level 5:colcon.colcon_core.verb:set package 'arm' build argument 'cmake_clean_first' from command line to 'False'
[0.275s] Level 5:colcon.colcon_core.verb:set package 'arm' build argument 'cmake_force_configure' from command line to 'False'
[0.275s] Level 5:colcon.colcon_core.verb:set package 'arm' build argument 'ament_cmake_args' from command line to 'None'
[0.275s] Level 5:colcon.colcon_core.verb:set package 'arm' build argument 'catkin_cmake_args' from command line to 'None'
[0.275s] Level 5:colcon.colcon_core.verb:set package 'arm' build argument 'catkin_skip_building_tests' from command line to 'False'
[0.275s] DEBUG:colcon.colcon_core.verb:Building package 'arm' with the following arguments: {'ament_cmake_args': None, 'build_base': '/home/nir/code/ARL---6DOF-Manipulator/Code/build/arm', 'catkin_cmake_args': None, 'catkin_skip_building_tests': False, 'cmake_args': None, 'cmake_clean_cache': False, 'cmake_clean_first': False, 'cmake_force_configure': False, 'cmake_target': None, 'cmake_target_skip_unavailable': False, 'install_base': '/home/nir/code/ARL---6DOF-Manipulator/Code/install/arm', 'merge_install': False, 'path': '/home/nir/code/ARL---6DOF-Manipulator/Code/arm', 'symlink_install': True, 'test_result_base': None}
[0.276s] INFO:colcon.colcon_core.executor:Executing jobs using 'parallel' executor
[0.278s] DEBUG:colcon.colcon_parallel_executor.executor.parallel:run_until_complete
[0.278s] INFO:colcon.colcon_ros.task.ament_cmake.build:Building ROS package in '/home/nir/code/ARL---6DOF-Manipulator/Code/arm' with build type 'ament_cmake'
[0.278s] INFO:colcon.colcon_cmake.task.cmake.build:Building CMake package in '/home/nir/code/ARL---6DOF-Manipulator/Code/arm'
[0.281s] INFO:colcon.colcon_core.plugin_system:Skipping extension 'colcon_core.shell.bat': Not used on non-Windows systems
[0.281s] INFO:colcon.colcon_core.shell:Skip shell extension 'powershell' for command environment: Not usable outside of PowerShell
[0.281s] DEBUG:colcon.colcon_core.shell:Skip shell extension 'dsv' for command environment
[0.288s] DEBUG:colcon.colcon_core.event_handler.log_command:Invoking command in '/home/nir/code/ARL---6DOF-Manipulator/Code/build/arm': CMAKE_PREFIX_PATH=/opt/ros/humble /usr/bin/cmake --build /home/nir/code/ARL---6DOF-Manipulator/Code/build/arm -- -j8 -l8
[0.498s] DEBUG:colcon.colcon_core.event_handler.log_command:Invoked command in '/home/nir/code/ARL---6DOF-Manipulator/Code/build/arm' returned '0': CMAKE_PREFIX_PATH=/opt/ros/humble /usr/bin/cmake --build /home/nir/code/ARL---6DOF-Manipulator/Code/build/arm -- -j8 -l8
[0.530s] DEBUG:colcon.colcon_core.event_handler.log_command:Invoking command in '/home/nir/code/ARL---6DOF-Manipulator/Code/build/arm': CMAKE_PREFIX_PATH=/opt/ros/humble /usr/bin/cmake --install /home/nir/code/ARL---6DOF-Manipulator/Code/build/arm
[0.542s] Level 1:colcon.colcon_core.environment:create_environment_scripts_only(arm)
[0.543s] DEBUG:colcon.colcon_core.event_handler.log_command:Invoked command in '/home/nir/code/ARL---6DOF-Manipulator/Code/build/arm' returned '0': CMAKE_PREFIX_PATH=/opt/ros/humble /usr/bin/cmake --install /home/nir/code/ARL---6DOF-Manipulator/Code/build/arm
[0.548s] Level 1:colcon.colcon_core.environment:checking '/home/nir/code/ARL---6DOF-Manipulator/Code/install/arm' for CMake module files
[0.548s] Level 1:colcon.colcon_core.environment:checking '/home/nir/code/ARL---6DOF-Manipulator/Code/install/arm' for CMake config files
[0.548s] Level 1:colcon.colcon_core.shell:create_environment_hook('arm', 'cmake_prefix_path')
[0.550s] INFO:colcon.colcon_core.shell:Creating environment hook '/home/nir/code/ARL---6DOF-Manipulator/Code/install/arm/share/arm/hook/cmake_prefix_path.ps1'
[0.550s] INFO:colcon.colcon_core.shell:Creating environment descriptor '/home/nir/code/ARL---6DOF-Manipulator/Code/install/arm/share/arm/hook/cmake_prefix_path.dsv'
[0.551s] INFO:colcon.colcon_core.shell:Creating environment hook '/home/nir/code/ARL---6DOF-Manipulator/Code/install/arm/share/arm/hook/cmake_prefix_path.sh'
[0.552s] Level 1:colcon.colcon_core.environment:checking '/home/nir/code/ARL---6DOF-Manipulator/Code/install/arm/bin'
[0.552s] Level 1:colcon.colcon_core.environment:checking '/home/nir/code/ARL---6DOF-Manipulator/Code/install/arm/lib/pkgconfig/arm.pc'
[0.552s] Level 1:colcon.colcon_core.environment:checking '/home/nir/code/ARL---6DOF-Manipulator/Code/install/arm/lib/python3.10/site-packages'
[0.553s] Level 1:colcon.colcon_core.environment:checking '/home/nir/code/ARL---6DOF-Manipulator/Code/install/arm/bin'
[0.554s] INFO:colcon.colcon_core.shell:Creating package script '/home/nir/code/ARL---6DOF-Manipulator/Code/install/arm/share/arm/package.ps1'
[0.555s] INFO:colcon.colcon_core.shell:Creating package descriptor '/home/nir/code/ARL---6DOF-Manipulator/Code/install/arm/share/arm/package.dsv'
[0.556s] INFO:colcon.colcon_core.shell:Creating package script '/home/nir/code/ARL---6DOF-Manipulator/Code/install/arm/share/arm/package.sh'
[0.557s] INFO:colcon.colcon_core.shell:Creating package script '/home/nir/code/ARL---6DOF-Manipulator/Code/install/arm/share/arm/package.bash'
[0.558s] INFO:colcon.colcon_core.shell:Creating package script '/home/nir/code/ARL---6DOF-Manipulator/Code/install/arm/share/arm/package.zsh'
[0.560s] Level 1:colcon.colcon_core.environment:create_file_with_runtime_dependencies(/home/nir/code/ARL---6DOF-Manipulator/Code/install/arm/share/colcon-core/packages/arm)
[0.578s] Level 1:colcon.colcon_core.environment:create_environment_scripts_only(arm)
[0.579s] Level 1:colcon.colcon_core.environment:checking '/home/nir/code/ARL---6DOF-Manipulator/Code/install/arm' for CMake module files
[0.580s] Level 1:colcon.colcon_core.environment:checking '/home/nir/code/ARL---6DOF-Manipulator/Code/install/arm' for CMake config files
[0.580s] Level 1:colcon.colcon_core.shell:create_environment_hook('arm', 'cmake_prefix_path')
[0.581s] INFO:colcon.colcon_core.shell:Creating environment hook '/home/nir/code/ARL---6DOF-Manipulator/Code/install/arm/share/arm/hook/cmake_prefix_path.ps1'
[0.581s] INFO:colcon.colcon_core.shell:Creating environment descriptor '/home/nir/code/ARL---6DOF-Manipulator/Code/install/arm/share/arm/hook/cmake_prefix_path.dsv'
[0.581s] INFO:colcon.colcon_core.shell:Creating environment hook '/home/nir/code/ARL---6DOF-Manipulator/Code/install/arm/share/arm/hook/cmake_prefix_path.sh'
[0.582s] Level 1:colcon.colcon_core.environment:checking '/home/nir/code/ARL---6DOF-Manipulator/Code/install/arm/bin'
[0.582s] Level 1:colcon.colcon_core.environment:checking '/home/nir/code/ARL---6DOF-Manipulator/Code/install/arm/lib/pkgconfig/arm.pc'
[0.582s] Level 1:colcon.colcon_core.environment:checking '/home/nir/code/ARL---6DOF-Manipulator/Code/install/arm/lib/python3.10/site-packages'
[0.582s] Level 1:colcon.colcon_core.environment:checking '/home/nir/code/ARL---6DOF-Manipulator/Code/install/arm/bin'
[0.583s] INFO:colcon.colcon_core.shell:Creating package script '/home/nir/code/ARL---6DOF-Manipulator/Code/install/arm/share/arm/package.ps1'
[0.583s] INFO:colcon.colcon_core.shell:Creating package descriptor '/home/nir/code/ARL---6DOF-Manipulator/Code/install/arm/share/arm/package.dsv'
[0.583s] INFO:colcon.colcon_core.shell:Creating package script '/home/nir/code/ARL---6DOF-Manipulator/Code/install/arm/share/arm/package.sh'
[0.584s] INFO:colcon.colcon_core.shell:Creating package script '/home/nir/code/ARL---6DOF-Manipulator/Code/install/arm/share/arm/package.bash'
[0.584s] INFO:colcon.colcon_core.shell:Creating package script '/home/nir/code/ARL---6DOF-Manipulator/Code/install/arm/share/arm/package.zsh'
[0.584s] Level 1:colcon.colcon_core.environment:create_file_with_runtime_dependencies(/home/nir/code/ARL---6DOF-Manipulator/Code/install/arm/share/colcon-core/packages/arm)
[0.584s] DEBUG:colcon.colcon_parallel_executor.executor.parallel:closing loop
[0.584s] DEBUG:colcon.colcon_parallel_executor.executor.parallel:loop closed
[0.584s] DEBUG:colcon.colcon_parallel_executor.executor.parallel:run_until_complete finished with '0'
[0.584s] DEBUG:colcon.colcon_core.event_reactor:joining thread
[0.589s] INFO:colcon.colcon_core.plugin_system:Skipping extension 'colcon_notification.desktop_notification.terminal_notifier': Not used on non-Darwin systems
[0.589s] INFO:colcon.colcon_core.plugin_system:Skipping extension 'colcon_notification.desktop_notification.win32': Not used on non-Windows systems
[0.589s] INFO:colcon.colcon_notification.desktop_notification:Sending desktop notification using 'notify2'
[0.601s] DEBUG:colcon.colcon_core.event_reactor:joined thread
[0.602s] INFO:colcon.colcon_core.shell:Creating prefix script '/home/nir/code/ARL---6DOF-Manipulator/Code/install/local_setup.ps1'
[0.603s] INFO:colcon.colcon_core.shell:Creating prefix util module '/home/nir/code/ARL---6DOF-Manipulator/Code/install/_local_setup_util_ps1.py'
[0.604s] INFO:colcon.colcon_core.shell:Creating prefix chain script '/home/nir/code/ARL---6DOF-Manipulator/Code/install/setup.ps1'
[0.605s] INFO:colcon.colcon_core.shell:Creating prefix script '/home/nir/code/ARL---6DOF-Manipulator/Code/install/local_setup.sh'
[0.605s] INFO:colcon.colcon_core.shell:Creating prefix util module '/home/nir/code/ARL---6DOF-Manipulator/Code/install/_local_setup_util_sh.py'
[0.605s] INFO:colcon.colcon_core.shell:Creating prefix chain script '/home/nir/code/ARL---6DOF-Manipulator/Code/install/setup.sh'
[0.606s] INFO:colcon.colcon_core.shell:Creating prefix script '/home/nir/code/ARL---6DOF-Manipulator/Code/install/local_setup.bash'
[0.606s] INFO:colcon.colcon_core.shell:Creating prefix chain script '/home/nir/code/ARL---6DOF-Manipulator/Code/install/setup.bash'
[0.607s] INFO:colcon.colcon_core.shell:Creating prefix script '/home/nir/code/ARL---6DOF-Manipulator/Code/install/local_setup.zsh'
[0.608s] INFO:colcon.colcon_core.shell:Creating prefix chain script '/home/nir/code/ARL---6DOF-Manipulator/Code/install/setup.zsh'
