-- The C compiler identification is GNU 11.3.0
-- The CXX compiler identification is GNU 11.3.0
-- Detecting C compiler ABI info
-- Detecting C compiler ABI info - done
-- Check for working C compiler: /usr/bin/cc - skipped
-- Detecting C compile features
-- Detecting C compile features - done
-- Detecting CXX compiler ABI info
-- Detecting CXX compiler ABI info - done
-- Check for working CXX compiler: /usr/bin/c++ - skipped
-- Detecting CXX compile features
-- Detecting CXX compile features - done
-- Found ament_cmake: 1.3.3 (/opt/ros/humble/share/ament_cmake/cmake)
-- Found Python3: /usr/bin/python3.10 (found version "3.10.6") found components: Interpreter 
-- Override CMake install command with custom implementation using symlinks instead of copying resources
-- Found ament_lint_auto: 0.12.5 (/opt/ros/humble/share/ament_lint_auto/cmake)
-- Added test 'lint_cmake' to check CMake code style
-- Added test 'xmllint' to check XML markup files
-- Configuring done
-- Generating done
-- Build files have been written to: /home/nir/code/ARL---6DOF-Manipulator/Code/build/arm
-- Install configuration: ""
-- Execute custom install script
-- Symlinking: /home/nir/code/ARL---6DOF-Manipulator/Code/install/arm/share/ament_index/resource_index/package_run_dependencies/arm
-- Symlinking: /home/nir/code/ARL---6DOF-Manipulator/Code/install/arm/share/ament_index/resource_index/parent_prefix_path/arm
-- Symlinking: /home/nir/code/ARL---6DOF-Manipulator/Code/install/arm/share/arm/environment/ament_prefix_path.sh
-- Symlinking: /home/nir/code/ARL---6DOF-Manipulator/Code/install/arm/share/arm/environment/ament_prefix_path.dsv
-- Symlinking: /home/nir/code/ARL---6DOF-Manipulator/Code/install/arm/share/arm/environment/path.sh
-- Symlinking: /home/nir/code/ARL---6DOF-Manipulator/Code/install/arm/share/arm/environment/path.dsv
-- Symlinking: /home/nir/code/ARL---6DOF-Manipulator/Code/install/arm/share/arm/local_setup.bash
-- Symlinking: /home/nir/code/ARL---6DOF-Manipulator/Code/install/arm/share/arm/local_setup.sh
-- Symlinking: /home/nir/code/ARL---6DOF-Manipulator/Code/install/arm/share/arm/local_setup.zsh
-- Symlinking: /home/nir/code/ARL---6DOF-Manipulator/Code/install/arm/share/arm/local_setup.dsv
-- Symlinking: /home/nir/code/ARL---6DOF-Manipulator/Code/install/arm/share/arm/package.dsv
-- Symlinking: /home/nir/code/ARL---6DOF-Manipulator/Code/install/arm/share/ament_index/resource_index/packages/arm
-- Symlinking: /home/nir/code/ARL---6DOF-Manipulator/Code/install/arm/share/arm/cmake/armConfig.cmake
-- Symlinking: /home/nir/code/ARL---6DOF-Manipulator/Code/install/arm/share/arm/cmake/armConfig-version.cmake
-- Symlinking: /home/nir/code/ARL---6DOF-Manipulator/Code/install/arm/share/arm/package.xml
