[0.008s] Invoking command in '/home/nir/code/ARL---6DOF-Manipulator/Code/build/arm': CMAKE_PREFIX_PATH=/opt/ros/humble /usr/bin/cmake /home/nir/code/ARL---6DOF-Manipulator/Code/arm -DAMENT_CMAKE_SYMLINK_INSTALL=1 -DCMAKE_INSTALL_PREFIX=/home/nir/code/ARL---6DOF-Manipulator/Code/install/arm
[0.051s] -- The C compiler identification is GNU 11.3.0
[0.095s] -- The CXX compiler identification is GNU 11.3.0
[0.101s] -- Detecting C compiler ABI info
[0.161s] -- Detecting C compiler ABI info - done
[0.166s] -- Check for working C compiler: /usr/bin/cc - skipped
[0.166s] -- Detecting C compile features
[0.167s] -- Detecting C compile features - done
[0.169s] -- Detecting CXX compiler ABI info
[0.245s] -- Detecting CXX compiler ABI info - done
[0.251s] -- Check for working CXX compiler: /usr/bin/c++ - skipped
[0.251s] -- Detecting CXX compile features
[0.251s] -- Detecting CXX compile features - done
[0.253s] -- Found ament_cmake: 1.3.3 (/opt/ros/humble/share/ament_cmake/cmake)
[0.374s] -- Found Python3: /usr/bin/python3.10 (found version "3.10.6") found components: Interpreter 
[0.416s] -- Override CMake install command with custom implementation using symlinks instead of copying resources
[0.434s] -- Found ament_lint_auto: 0.12.5 (/opt/ros/humble/share/ament_lint_auto/cmake)
[0.489s] -- Added test 'lint_cmake' to check CMake code style
[0.490s] -- Added test 'xmllint' to check XML markup files
[0.492s] -- Configuring done
[0.498s] -- Generating done
[0.500s] -- Build files have been written to: /home/nir/code/ARL---6DOF-Manipulator/Code/build/arm
[0.504s] Invoked command in '/home/nir/code/ARL---6DOF-Manipulator/Code/build/arm' returned '0': CMAKE_PREFIX_PATH=/opt/ros/humble /usr/bin/cmake /home/nir/code/ARL---6DOF-Manipulator/Code/arm -DAMENT_CMAKE_SYMLINK_INSTALL=1 -DCMAKE_INSTALL_PREFIX=/home/nir/code/ARL---6DOF-Manipulator/Code/install/arm
[0.505s] Invoking command in '/home/nir/code/ARL---6DOF-Manipulator/Code/build/arm': CMAKE_PREFIX_PATH=/opt/ros/humble /usr/bin/cmake --build /home/nir/code/ARL---6DOF-Manipulator/Code/build/arm -- -j8 -l8
[0.532s] Invoked command in '/home/nir/code/ARL---6DOF-Manipulator/Code/build/arm' returned '0': CMAKE_PREFIX_PATH=/opt/ros/humble /usr/bin/cmake --build /home/nir/code/ARL---6DOF-Manipulator/Code/build/arm -- -j8 -l8
[0.563s] Invoking command in '/home/nir/code/ARL---6DOF-Manipulator/Code/build/arm': CMAKE_PREFIX_PATH=/opt/ros/humble /usr/bin/cmake --install /home/nir/code/ARL---6DOF-Manipulator/Code/build/arm
[0.568s] -- Install configuration: ""
[0.568s] -- Execute custom install script
[0.568s] -- Symlinking: /home/nir/code/ARL---6DOF-Manipulator/Code/install/arm/share/ament_index/resource_index/package_run_dependencies/arm
[0.574s] -- Symlinking: /home/nir/code/ARL---6DOF-Manipulator/Code/install/arm/share/ament_index/resource_index/parent_prefix_path/arm
[0.578s] -- Symlinking: /home/nir/code/ARL---6DOF-Manipulator/Code/install/arm/share/arm/environment/ament_prefix_path.sh
[0.585s] -- Symlinking: /home/nir/code/ARL---6DOF-Manipulator/Code/install/arm/share/arm/environment/ament_prefix_path.dsv
[0.591s] -- Symlinking: /home/nir/code/ARL---6DOF-Manipulator/Code/install/arm/share/arm/environment/path.sh
[0.596s] -- Symlinking: /home/nir/code/ARL---6DOF-Manipulator/Code/install/arm/share/arm/environment/path.dsv
[0.602s] -- Symlinking: /home/nir/code/ARL---6DOF-Manipulator/Code/install/arm/share/arm/local_setup.bash
[0.608s] -- Symlinking: /home/nir/code/ARL---6DOF-Manipulator/Code/install/arm/share/arm/local_setup.sh
[0.614s] -- Symlinking: /home/nir/code/ARL---6DOF-Manipulator/Code/install/arm/share/arm/local_setup.zsh
[0.620s] -- Symlinking: /home/nir/code/ARL---6DOF-Manipulator/Code/install/arm/share/arm/local_setup.dsv
[0.626s] -- Symlinking: /home/nir/code/ARL---6DOF-Manipulator/Code/install/arm/share/arm/package.dsv
[0.640s] -- Symlinking: /home/nir/code/ARL---6DOF-Manipulator/Code/install/arm/share/ament_index/resource_index/packages/arm
[0.653s] -- Symlinking: /home/nir/code/ARL---6DOF-Manipulator/Code/install/arm/share/arm/cmake/armConfig.cmake
[0.659s] -- Symlinking: /home/nir/code/ARL---6DOF-Manipulator/Code/install/arm/share/arm/cmake/armConfig-version.cmake
[0.665s] -- Symlinking: /home/nir/code/ARL---6DOF-Manipulator/Code/install/arm/share/arm/package.xml
[0.674s] Invoked command in '/home/nir/code/ARL---6DOF-Manipulator/Code/build/arm' returned '0': CMAKE_PREFIX_PATH=/opt/ros/humble /usr/bin/cmake --install /home/nir/code/ARL---6DOF-Manipulator/Code/build/arm
