[0.009s] Invoking command in '/home/nir/code/ARL---6DOF-Manipulator/Code/build/arm': CMAKE_PREFIX_PATH=/opt/ros/humble /usr/bin/cmake --build /home/nir/code/ARL---6DOF-Manipulator/Code/build/arm -- -j8 -l8
[0.028s] -- Found ament_cmake: 1.3.3 (/opt/ros/humble/share/ament_cmake/cmake)
[0.142s] -- Override CMake install command with custom implementation using symlinks instead of copying resources
[0.147s] -- Found ament_lint_auto: 0.12.5 (/opt/ros/humble/share/ament_lint_auto/cmake)
[0.199s] -- Added test 'flake8' to check Python code syntax and style conventions
[0.200s] -- Added test 'lint_cmake' to check CMake code style
[0.200s] -- Added test 'pep257' to check Python code against some of the docstring style conventions in PEP 257
[0.201s] -- Added test 'xmllint' to check XML markup files
[0.201s] -- Configuring done
[0.204s] -- Generating done
[0.204s] -- Build files have been written to: /home/nir/code/ARL---6DOF-Manipulator/Code/build/arm
[0.219s] Invoked command in '/home/nir/code/ARL---6DOF-Manipulator/Code/build/arm' returned '0': CMAKE_PREFIX_PATH=/opt/ros/humble /usr/bin/cmake --build /home/nir/code/ARL---6DOF-Manipulator/Code/build/arm -- -j8 -l8
[0.251s] Invoking command in '/home/nir/code/ARL---6DOF-Manipulator/Code/build/arm': CMAKE_PREFIX_PATH=/opt/ros/humble /usr/bin/cmake --install /home/nir/code/ARL---6DOF-Manipulator/Code/build/arm
[0.255s] -- Install configuration: ""
[0.255s] -- Execute custom install script
[0.255s] -- Up-to-date symlink: /home/nir/code/ARL---6DOF-Manipulator/Code/install/arm/share/ament_index/resource_index/package_run_dependencies/arm
[0.255s] -- Up-to-date symlink: /home/nir/code/ARL---6DOF-Manipulator/Code/install/arm/share/ament_index/resource_index/parent_prefix_path/arm
[0.256s] -- Up-to-date symlink: /home/nir/code/ARL---6DOF-Manipulator/Code/install/arm/share/arm/environment/ament_prefix_path.sh
[0.256s] -- Up-to-date symlink: /home/nir/code/ARL---6DOF-Manipulator/Code/install/arm/share/arm/environment/ament_prefix_path.dsv
[0.256s] -- Up-to-date symlink: /home/nir/code/ARL---6DOF-Manipulator/Code/install/arm/share/arm/environment/path.sh
[0.256s] -- Up-to-date symlink: /home/nir/code/ARL---6DOF-Manipulator/Code/install/arm/share/arm/environment/path.dsv
[0.256s] -- Up-to-date symlink: /home/nir/code/ARL---6DOF-Manipulator/Code/install/arm/share/arm/local_setup.bash
[0.256s] -- Up-to-date symlink: /home/nir/code/ARL---6DOF-Manipulator/Code/install/arm/share/arm/local_setup.sh
[0.256s] -- Up-to-date symlink: /home/nir/code/ARL---6DOF-Manipulator/Code/install/arm/share/arm/local_setup.zsh
[0.257s] -- Up-to-date symlink: /home/nir/code/ARL---6DOF-Manipulator/Code/install/arm/share/arm/local_setup.dsv
[0.257s] -- Symlinking: /home/nir/code/ARL---6DOF-Manipulator/Code/install/arm/share/arm/package.dsv
[0.262s] -- Up-to-date symlink: /home/nir/code/ARL---6DOF-Manipulator/Code/install/arm/share/ament_index/resource_index/packages/arm
[0.262s] -- Up-to-date symlink: /home/nir/code/ARL---6DOF-Manipulator/Code/install/arm/share/arm/cmake/armConfig.cmake
[0.262s] -- Up-to-date symlink: /home/nir/code/ARL---6DOF-Manipulator/Code/install/arm/share/arm/cmake/armConfig-version.cmake
[0.262s] -- Up-to-date symlink: /home/nir/code/ARL---6DOF-Manipulator/Code/install/arm/share/arm/package.xml
[0.264s] Invoked command in '/home/nir/code/ARL---6DOF-Manipulator/Code/build/arm' returned '0': CMAKE_PREFIX_PATH=/opt/ros/humble /usr/bin/cmake --install /home/nir/code/ARL---6DOF-Manipulator/Code/build/arm
